<?xml version="1.0" encoding="UTF-8"?>
<testng-results ignored="0" total="1" passed="1" failed="0" skipped="0">
  <reporter-output>
  </reporter-output>
  <suite started-at="2024-05-21T12:41:11 AEST" name="Default suite" finished-at="2024-05-21T12:41:24 AEST" duration-ms="13412">
    <groups>
    </groups>
    <test started-at="2024-05-21T12:41:11 AEST" name="Default test" finished-at="2024-05-21T12:41:24 AEST" duration-ms="13412">
      <class name="com.supermartket.test.ManageUser">
        <test-method is-config="true" signature="initialization(java.lang.String)[pri:0, instance:com.supermartket.test.ManageUser@6b927fb]" started-at="2024-05-21T12:41:11 AEST" name="initialization" finished-at="2024-05-21T12:41:16 AEST" duration-ms="5205" status="PASS">
          <params>
            <param index="0">
              <value is-null="true"/>
            </param>
          </params>
          <reporter-output>
          </reporter-output>
        </test-method> <!-- initialization -->
        <test-method signature="verifyManageUsersPage()[pri:0, instance:com.supermartket.test.ManageUser@6b927fb]" started-at="2024-05-21T12:41:16 AEST" name="verifyManageUsersPage" finished-at="2024-05-21T12:41:24 AEST" duration-ms="7746" status="PASS">
          <reporter-output>
          </reporter-output>
        </test-method> <!-- verifyManageUsersPage -->
        <test-method is-config="true" signature="tearDown()[pri:0, instance:com.supermartket.test.ManageUser@6b927fb]" started-at="2024-05-21T12:41:24 AEST" name="tearDown" finished-at="2024-05-21T12:41:24 AEST" duration-ms="374" status="PASS">
          <reporter-output>
          </reporter-output>
        </test-method> <!-- tearDown -->
      </class> <!-- com.supermartket.test.ManageUser -->
    </test> <!-- Default test -->
  </suite> <!-- Default suite -->
</testng-results>
